<?xml version="1.0" encoding="UTF-8" ?>
<testsuite tests="15" failures="0" name="step_definitions.RunCukesTest" time="1.464" errors="0" skipped="0">
  <properties>
[...]
</properties>
  <testcase classname="Given User open the web page(Scenario: User will short item by Name (Z to A))" name="Given User open the web page(Scenario: User will short item by Name " time="0.004"/>
  <testcase classname="When User input &quot;standard_user&quot; as userName and &quot;secret_sauce&quot; as password(Scenario: User will short item by Name (Z to A))" name="When User input &quot;standard_user&quot; as userName and &quot;secret_sauce&quot; as password(Scenario: User will short item by Name " time="0"/>
  <testcase classname="Then User sort product list by &quot;Name (Z to A)&quot;(Scenario: User will short item by Name (Z to A))" name="Then User sort product list by &quot;Name (Z to A)&quot;(Scenario: User will short item by Name " time="0"/>
  <testcase classname="Then User select 2 item in first line(Scenario: User will short item by Name (Z to A))" name="Then User select 2 item in first line(Scenario: User will short item by Name " time="0"/>
  <testcase classname="Then User click shopping chart icon(Scenario: User will short item by Name (Z to A))" name="Then User click shopping chart icon(Scenario: User will short item by Name " time="0"/>
  <testcase classname="Then User remove top item in list shopping chart(Scenario: User will short item by Name (Z to A))" name="Then User remove top item in list shopping chart(Scenario: User will short item by Name " time="0"/>
  <testcase classname="And User checkout the item(Scenario: User will short item by Name (Z to A))" name="And User checkout the item(Scenario: User will short item by Name " time="0"/>
  <testcase classname="Then User input &quot;Dewi&quot; as setFirstname and &quot;Kusuma&quot; as setLastname and &quot;28772&quot; as setPostalcode(Scenario: User will short item by Name (Z to A))" name="Then User input &quot;Dewi&quot; as setFirstname and &quot;Kusuma&quot; as setLastname and &quot;28772&quot; as setPostalcode(Scenario: User will short item by Name " time="0"/>
  <testcase classname="And User click continue(Scenario: User will short item by Name (Z to A))" name="And User click continue(Scenario: User will short item by Name " time="0"/>
  <testcase classname="Then User will see &quot;Item total: $7.99&quot; as expected Item total(Scenario: User will short item by Name (Z to A))" name="Then User will see &quot;Item total: $7.99&quot; as expected Item total(Scenario: User will short item by Name " time="0"/>
  <testcase classname="And &quot;Tax: $0.64&quot; as expected Tax(Scenario: User will short item by Name (Z to A))" name="And &quot;Tax: $0.64&quot; as expected Tax(Scenario: User will short item by Name " time="0"/>
  <testcase classname="And &quot;Total: $8.63&quot; as expected Total(Scenario: User will short item by Name (Z to A))" name="And &quot;Total: $8.63&quot; as expected Total(Scenario: User will short item by Name " time="0"/>
  <testcase classname="Then User click Finish(Scenario: User will short item by Name (Z to A))" name="Then User click Finish(Scenario: User will short item by Name " time="0"/>
  <testcase classname="Then User will see &quot;THANK YOU FOR YOUR ORDER&quot; as finishing(Scenario: User will short item by Name (Z to A))" name="Then User will see &quot;THANK YOU FOR YOUR ORDER&quot; as finishing(Scenario: User will short item by Name " time="0"/>
  <testcase classname="Z to A" name="Scenario: User will short item by Name " time="1.46"/>
</testsuite>