<?xml version="1.0" encoding="UTF-8" ?>
<testsuite tests="15" failures="0" name="step_definitions.RunCukesTest" time="3.748" errors="0" skipped="0">
  <properties>
[...]
</properties>
  <testcase classname="Scenario: User will ordering product" name="Given User open the web page" time="0.005"/>
  <testcase classname="Scenario: User will ordering product" name="When User input &quot;standard_user&quot; as userName and &quot;secret_sauce&quot; as password" time="0.001"/>
  <testcase classname="Scenario: User will ordering product" name="Then User sort product list by &quot;Name (Z to A)&quot;" time="0"/>
  <testcase classname="Scenario: User will ordering product" name="Then User select 2 item in first line" time="0"/>
  <testcase classname="Scenario: User will ordering product" name="Then User click shopping chart icon" time="0"/>
  <testcase classname="Scenario: User will ordering product" name="Then User remove top item in list shopping chart" time="0"/>
  <testcase classname="Scenario: User will ordering product" name="And User checkout the item" time="0"/>
  <testcase classname="Scenario: User will ordering product" name="Then User input &quot;Juminten&quot; as setFirstname and &quot;Washington&quot; as setLastname and &quot;200005&quot; as setPostalcode" time="0"/>
  <testcase classname="Scenario: User will ordering product" name="And User click continue" time="0"/>
  <testcase classname="Scenario: User will ordering product" name="Then User will see &quot;Item total: $7.99&quot; as expected Item total" time="0"/>
  <testcase classname="Scenario: User will ordering product" name="And &quot;Tax: $0.64&quot; as expected Tax" time="0.006"/>
  <testcase classname="Scenario: User will ordering product" name="And &quot;Total: $8.63&quot; as expected Total" time="0"/>
  <testcase classname="Scenario: User will ordering product" name="Then User click Finish" time="0"/>
  <testcase classname="Scenario: User will ordering product" name="Then User will see &quot;THANK YOU FOR YOUR ORDER&quot; as finishing" time="0"/>
  <testcase classname="Scenario: User will ordering product" name="Scenario: User will ordering product" time="3.736"/>
</testsuite>